2019-07-30 11:20:58.130  INFO 15260 --- [main] c.lzh.shiro.SpringbootShiroApplication   : Starting SpringbootShiroApplication on LAPTOP-6U7FG5LB with PID 15260 (E:\Idea-Projects\springboot-shiro\target\classes started by EDZ in E:\Idea-Projects\springboot-shiro)
2019-07-30 11:20:58.138 DEBUG 15260 --- [main] c.lzh.shiro.SpringbootShiroApplication   : Running with Spring Boot v2.1.6.RELEASE, Spring v5.1.8.RELEASE
2019-07-30 11:20:58.139  INFO 15260 --- [main] c.lzh.shiro.SpringbootShiroApplication   : No active profile set, falling back to default profiles: default
2019-07-30 11:20:59.592  WARN 15260 --- [main] o.m.s.mapper.ClassPathMapperScanner      : No MyBatis mapper was found in '[com.lzh.shiro]' package. Please check your configuration.
2019-07-30 11:21:00.054  INFO 15260 --- [main] trationDelegate$BeanPostProcessorChecker : Bean 'org.springframework.transaction.annotation.ProxyTransactionManagementConfiguration' of type [org.springframework.transaction.annotation.ProxyTransactionManagementConfiguration$$EnhancerBySpringCGLIB$$36a5c302] is not eligible for getting processed by all BeanPostProcessors (for example: not eligible for auto-proxying)
2019-07-30 11:21:00.081  INFO 15260 --- [main] trationDelegate$BeanPostProcessorChecker : Bean 'shiroConfig' of type [com.lzh.shiro.config.ShiroConfig$$EnhancerBySpringCGLIB$$a352850c] is not eligible for getting processed by all BeanPostProcessors (for example: not eligible for auto-proxying)
2019-07-30 11:21:01.011  WARN 15260 --- [main] ConfigServletWebServerApplicationContext : Exception encountered during context initialization - cancelling refresh attempt: org.springframework.beans.factory.BeanCreationException: Error creating bean with name 'shiroFilterFactoryBean' defined in class path resource [com/lzh/shiro/config/ShiroConfig.class]: BeanPostProcessor before instantiation of bean failed; nested exception is org.springframework.beans.factory.UnsatisfiedDependencyException: Error creating bean with name 'authorizationAttributeSourceAdvisor' defined in class path resource [com/lzh/shiro/config/ShiroConfig.class]: Unsatisfied dependency expressed through method 'authorizationAttributeSourceAdvisor' parameter 0; nested exception is org.springframework.beans.factory.BeanCreationException: Error creating bean with name 'securityManager' defined in class path resource [com/lzh/shiro/config/ShiroConfig.class]: Bean instantiation via factory method failed; nested exception is org.springframework.beans.BeanInstantiationException: Failed to instantiate [org.apache.shiro.mgt.SecurityManager]: Factory method 'securityManager' threw exception; nested exception is org.springframework.beans.factory.UnsatisfiedDependencyException: Error creating bean with name 'shiroRealm': Unsatisfied dependency expressed through field 'userService'; nested exception is org.springframework.beans.factory.UnsatisfiedDependencyException: Error creating bean with name 'userServiceImpl': Unsatisfied dependency expressed through field 'baseMapper'; nested exception is org.springframework.beans.factory.NoSuchBeanDefinitionException: No qualifying bean of type 'com.lzh.shiro.mapper.UserMapper' available: expected at least 1 bean which qualifies as autowire candidate. Dependency annotations: {@org.springframework.beans.factory.annotation.Autowired(required=true)}
2019-07-30 11:21:01.023  INFO 15260 --- [main] ConditionEvaluationReportLoggingListener : 

Error starting ApplicationContext. To display the conditions report re-run your application with 'debug' enabled.
2019-07-30 11:21:01.124  INFO 15260 --- [main] trationDelegate$BeanPostProcessorChecker : Bean 'shiroConfig' of type [com.lzh.shiro.config.ShiroConfig$$EnhancerBySpringCGLIB$$a352850c] is not eligible for getting processed by all BeanPostProcessors (for example: not eligible for auto-proxying)
2019-07-30 11:21:01.135 ERROR 15260 --- [main] o.s.boot.SpringApplication               : Application run failed

org.springframework.beans.factory.BeanCreationException: Error creating bean with name 'shiroFilterFactoryBean' defined in class path resource [com/lzh/shiro/config/ShiroConfig.class]: BeanPostProcessor before instantiation of bean failed; nested exception is org.springframework.beans.factory.UnsatisfiedDependencyException: Error creating bean with name 'authorizationAttributeSourceAdvisor' defined in class path resource [com/lzh/shiro/config/ShiroConfig.class]: Unsatisfied dependency expressed through method 'authorizationAttributeSourceAdvisor' parameter 0; nested exception is org.springframework.beans.factory.BeanCreationException: Error creating bean with name 'securityManager' defined in class path resource [com/lzh/shiro/config/ShiroConfig.class]: Bean instantiation via factory method failed; nested exception is org.springframework.beans.BeanInstantiationException: Failed to instantiate [org.apache.shiro.mgt.SecurityManager]: Factory method 'securityManager' threw exception; nested exception is org.springframework.beans.factory.UnsatisfiedDependencyException: Error creating bean with name 'shiroRealm': Unsatisfied dependency expressed through field 'userService'; nested exception is org.springframework.beans.factory.UnsatisfiedDependencyException: Error creating bean with name 'userServiceImpl': Unsatisfied dependency expressed through field 'baseMapper'; nested exception is org.springframework.beans.factory.NoSuchBeanDefinitionException: No qualifying bean of type 'com.lzh.shiro.mapper.UserMapper' available: expected at least 1 bean which qualifies as autowire candidate. Dependency annotations: {@org.springframework.beans.factory.annotation.Autowired(required=true)}
	at org.springframework.beans.factory.support.AbstractAutowireCapableBeanFactory.createBean(AbstractAutowireCapableBeanFactory.java:510) ~[spring-beans-5.1.8.RELEASE.jar:5.1.8.RELEASE]
	at org.springframework.beans.factory.support.AbstractBeanFactory.lambda$doGetBean$0(AbstractBeanFactory.java:320) ~[spring-beans-5.1.8.RELEASE.jar:5.1.8.RELEASE]
	at org.springframework.beans.factory.support.DefaultSingletonBeanRegistry.getSingleton(DefaultSingletonBeanRegistry.java:222) ~[spring-beans-5.1.8.RELEASE.jar:5.1.8.RELEASE]
	at org.springframework.beans.factory.support.AbstractBeanFactory.doGetBean(AbstractBeanFactory.java:318) ~[spring-beans-5.1.8.RELEASE.jar:5.1.8.RELEASE]
	at org.springframework.beans.factory.support.AbstractBeanFactory.getBean(AbstractBeanFactory.java:204) ~[spring-beans-5.1.8.RELEASE.jar:5.1.8.RELEASE]
	at org.springframework.context.support.PostProcessorRegistrationDelegate.registerBeanPostProcessors(PostProcessorRegistrationDelegate.java:240) ~[spring-context-5.1.8.RELEASE.jar:5.1.8.RELEASE]
	at org.springframework.context.support.AbstractApplicationContext.registerBeanPostProcessors(AbstractApplicationContext.java:721) ~[spring-context-5.1.8.RELEASE.jar:5.1.8.RELEASE]
	at org.springframework.context.support.AbstractApplicationContext.refresh(AbstractApplicationContext.java:534) ~[spring-context-5.1.8.RELEASE.jar:5.1.8.RELEASE]
	at org.springframework.boot.web.servlet.context.ServletWebServerApplicationContext.refresh(ServletWebServerApplicationContext.java:140) ~[spring-boot-2.1.6.RELEASE.jar:2.1.6.RELEASE]
	at org.springframework.boot.SpringApplication.refresh(SpringApplication.java:742) [spring-boot-2.1.6.RELEASE.jar:2.1.6.RELEASE]
	at org.springframework.boot.SpringApplication.refreshContext(SpringApplication.java:389) [spring-boot-2.1.6.RELEASE.jar:2.1.6.RELEASE]
	at org.springframework.boot.SpringApplication.run(SpringApplication.java:311) [spring-boot-2.1.6.RELEASE.jar:2.1.6.RELEASE]
	at org.springframework.boot.SpringApplication.run(SpringApplication.java:1213) [spring-boot-2.1.6.RELEASE.jar:2.1.6.RELEASE]
	at org.springframework.boot.SpringApplication.run(SpringApplication.java:1202) [spring-boot-2.1.6.RELEASE.jar:2.1.6.RELEASE]
	at com.lzh.shiro.SpringbootShiroApplication.main(SpringbootShiroApplication.java:10) [classes/:na]
Caused by: org.springframework.beans.factory.UnsatisfiedDependencyException: Error creating bean with name 'authorizationAttributeSourceAdvisor' defined in class path resource [com/lzh/shiro/config/ShiroConfig.class]: Unsatisfied dependency expressed through method 'authorizationAttributeSourceAdvisor' parameter 0; nested exception is org.springframework.beans.factory.BeanCreationException: Error creating bean with name 'securityManager' defined in class path resource [com/lzh/shiro/config/ShiroConfig.class]: Bean instantiation via factory method failed; nested exception is org.springframework.beans.BeanInstantiationException: Failed to instantiate [org.apache.shiro.mgt.SecurityManager]: Factory method 'securityManager' threw exception; nested exception is org.springframework.beans.factory.UnsatisfiedDependencyException: Error creating bean with name 'shiroRealm': Unsatisfied dependency expressed through field 'userService'; nested exception is org.springframework.beans.factory.UnsatisfiedDependencyException: Error creating bean with name 'userServiceImpl': Unsatisfied dependency expressed through field 'baseMapper'; nested exception is org.springframework.beans.factory.NoSuchBeanDefinitionException: No qualifying bean of type 'com.lzh.shiro.mapper.UserMapper' available: expected at least 1 bean which qualifies as autowire candidate. Dependency annotations: {@org.springframework.beans.factory.annotation.Autowired(required=true)}
	at org.springframework.beans.factory.support.ConstructorResolver.createArgumentArray(ConstructorResolver.java:769) ~[spring-beans-5.1.8.RELEASE.jar:5.1.8.RELEASE]
	at org.springframework.beans.factory.support.ConstructorResolver.instantiateUsingFactoryMethod(ConstructorResolver.java:509) ~[spring-beans-5.1.8.RELEASE.jar:5.1.8.RELEASE]
	at org.springframework.beans.factory.support.AbstractAutowireCapableBeanFactory.instantiateUsingFactoryMethod(AbstractAutowireCapableBeanFactory.java:1321) ~[spring-beans-5.1.8.RELEASE.jar:5.1.8.RELEASE]
	at org.springframework.beans.factory.support.AbstractAutowireCapableBeanFactory.createBeanInstance(AbstractAutowireCapableBeanFactory.java:1160) ~[spring-beans-5.1.8.RELEASE.jar:5.1.8.RELEASE]
	at org.springframework.beans.factory.support.AbstractAutowireCapableBeanFactory.doCreateBean(AbstractAutowireCapableBeanFactory.java:555) ~[spring-beans-5.1.8.RELEASE.jar:5.1.8.RELEASE]
	at org.springframework.beans.factory.support.AbstractAutowireCapableBeanFactory.createBean(AbstractAutowireCapableBeanFactory.java:515) ~[spring-beans-5.1.8.RELEASE.jar:5.1.8.RELEASE]
	at org.springframework.beans.factory.support.AbstractBeanFactory.lambda$doGetBean$0(AbstractBeanFactory.java:320) ~[spring-beans-5.1.8.RELEASE.jar:5.1.8.RELEASE]
	at org.springframework.beans.factory.support.DefaultSingletonBeanRegistry.getSingleton(DefaultSingletonBeanRegistry.java:222) ~[spring-beans-5.1.8.RELEASE.jar:5.1.8.RELEASE]
	at org.springframework.beans.factory.support.AbstractBeanFactory.doGetBean(AbstractBeanFactory.java:318) ~[spring-beans-5.1.8.RELEASE.jar:5.1.8.RELEASE]
	at org.springframework.beans.factory.support.AbstractBeanFactory.getBean(AbstractBeanFactory.java:204) ~[spring-beans-5.1.8.RELEASE.jar:5.1.8.RELEASE]
	at org.springframework.aop.framework.autoproxy.BeanFactoryAdvisorRetrievalHelper.findAdvisorBeans(BeanFactoryAdvisorRetrievalHelper.java:91) ~[spring-aop-5.1.8.RELEASE.jar:5.1.8.RELEASE]
	at org.springframework.aop.framework.autoproxy.AbstractAdvisorAutoProxyCreator.findCandidateAdvisors(AbstractAdvisorAutoProxyCreator.java:109) ~[spring-aop-5.1.8.RELEASE.jar:5.1.8.RELEASE]
	at org.springframework.aop.aspectj.annotation.AnnotationAwareAspectJAutoProxyCreator.findCandidateAdvisors(AnnotationAwareAspectJAutoProxyCreator.java:92) ~[spring-aop-5.1.8.RELEASE.jar:5.1.8.RELEASE]
	at org.springframework.aop.aspectj.autoproxy.AspectJAwareAdvisorAutoProxyCreator.shouldSkip(AspectJAwareAdvisorAutoProxyCreator.java:101) ~[spring-aop-5.1.8.RELEASE.jar:5.1.8.RELEASE]
	at org.springframework.aop.framework.autoproxy.AbstractAutoProxyCreator.postProcessBeforeInstantiation(AbstractAutoProxyCreator.java:251) ~[spring-aop-5.1.8.RELEASE.jar:5.1.8.RELEASE]
	at org.springframework.beans.factory.support.AbstractAutowireCapableBeanFactory.applyBeanPostProcessorsBeforeInstantiation(AbstractAutowireCapableBeanFactory.java:1124) ~[spring-beans-5.1.8.RELEASE.jar:5.1.8.RELEASE]
	at org.springframework.beans.factory.support.AbstractAutowireCapableBeanFactory.resolveBeforeInstantiation(AbstractAutowireCapableBeanFactory.java:1097) ~[spring-beans-5.1.8.RELEASE.jar:5.1.8.RELEASE]
	at org.springframework.beans.factory.support.AbstractAutowireCapableBeanFactory.createBean(AbstractAutowireCapableBeanFactory.java:504) ~[spring-beans-5.1.8.RELEASE.jar:5.1.8.RELEASE]
	... 14 common frames omitted
Caused by: org.springframework.beans.factory.BeanCreationException: Error creating bean with name 'securityManager' defined in class path resource [com/lzh/shiro/config/ShiroConfig.class]: Bean instantiation via factory method failed; nested exception is org.springframework.beans.BeanInstantiationException: Failed to instantiate [org.apache.shiro.mgt.SecurityManager]: Factory method 'securityManager' threw exception; nested exception is org.springframework.beans.factory.UnsatisfiedDependencyException: Error creating bean with name 'shiroRealm': Unsatisfied dependency expressed through field 'userService'; nested exception is org.springframework.beans.factory.UnsatisfiedDependencyException: Error creating bean with name 'userServiceImpl': Unsatisfied dependency expressed through field 'baseMapper'; nested exception is org.springframework.beans.factory.NoSuchBeanDefinitionException: No qualifying bean of type 'com.lzh.shiro.mapper.UserMapper' available: expected at least 1 bean which qualifies as autowire candidate. Dependency annotations: {@org.springframework.beans.factory.annotation.Autowired(required=true)}
	at org.springframework.beans.factory.support.ConstructorResolver.instantiate(ConstructorResolver.java:627) ~[spring-beans-5.1.8.RELEASE.jar:5.1.8.RELEASE]
	at org.springframework.beans.factory.support.ConstructorResolver.instantiateUsingFactoryMethod(ConstructorResolver.java:456) ~[spring-beans-5.1.8.RELEASE.jar:5.1.8.RELEASE]
	at org.springframework.beans.factory.support.AbstractAutowireCapableBeanFactory.instantiateUsingFactoryMethod(AbstractAutowireCapableBeanFactory.java:1321) ~[spring-beans-5.1.8.RELEASE.jar:5.1.8.RELEASE]
	at org.springframework.beans.factory.support.AbstractAutowireCapableBeanFactory.createBeanInstance(AbstractAutowireCapableBeanFactory.java:1160) ~[spring-beans-5.1.8.RELEASE.jar:5.1.8.RELEASE]
	at org.springframework.beans.factory.support.AbstractAutowireCapableBeanFactory.doCreateBean(AbstractAutowireCapableBeanFactory.java:555) ~[spring-beans-5.1.8.RELEASE.jar:5.1.8.RELEASE]
	at org.springframework.beans.factory.support.AbstractAutowireCapableBeanFactory.createBean(AbstractAutowireCapableBeanFactory.java:515) ~[spring-beans-5.1.8.RELEASE.jar:5.1.8.RELEASE]
	at org.springframework.beans.factory.support.AbstractBeanFactory.lambda$doGetBean$0(AbstractBeanFactory.java:320) ~[spring-beans-5.1.8.RELEASE.jar:5.1.8.RELEASE]
	at org.springframework.beans.factory.support.DefaultSingletonBeanRegistry.getSingleton(DefaultSingletonBeanRegistry.java:222) ~[spring-beans-5.1.8.RELEASE.jar:5.1.8.RELEASE]
	at org.springframework.beans.factory.support.AbstractBeanFactory.doGetBean(AbstractBeanFactory.java:318) ~[spring-beans-5.1.8.RELEASE.jar:5.1.8.RELEASE]
	at org.springframework.beans.factory.support.AbstractBeanFactory.getBean(AbstractBeanFactory.java:199) ~[spring-beans-5.1.8.RELEASE.jar:5.1.8.RELEASE]
	at org.springframework.beans.factory.config.DependencyDescriptor.resolveCandidate(DependencyDescriptor.java:277) ~[spring-beans-5.1.8.RELEASE.jar:5.1.8.RELEASE]
	at org.springframework.beans.factory.support.DefaultListableBeanFactory.doResolveDependency(DefaultListableBeanFactory.java:1251) ~[spring-beans-5.1.8.RELEASE.jar:5.1.8.RELEASE]
	at org.springframework.beans.factory.support.DefaultListableBeanFactory.resolveDependency(DefaultListableBeanFactory.java:1171) ~[spring-beans-5.1.8.RELEASE.jar:5.1.8.RELEASE]
	at org.springframework.beans.factory.support.ConstructorResolver.resolveAutowiredArgument(ConstructorResolver.java:857) ~[spring-beans-5.1.8.RELEASE.jar:5.1.8.RELEASE]
	at org.springframework.beans.factory.support.ConstructorResolver.createArgumentArray(ConstructorResolver.java:760) ~[spring-beans-5.1.8.RELEASE.jar:5.1.8.RELEASE]
	... 31 common frames omitted
Caused by: org.springframework.beans.BeanInstantiationException: Failed to instantiate [org.apache.shiro.mgt.SecurityManager]: Factory method 'securityManager' threw exception; nested exception is org.springframework.beans.factory.UnsatisfiedDependencyException: Error creating bean with name 'shiroRealm': Unsatisfied dependency expressed through field 'userService'; nested exception is org.springframework.beans.factory.UnsatisfiedDependencyException: Error creating bean with name 'userServiceImpl': Unsatisfied dependency expressed through field 'baseMapper'; nested exception is org.springframework.beans.factory.NoSuchBeanDefinitionException: No qualifying bean of type 'com.lzh.shiro.mapper.UserMapper' available: expected at least 1 bean which qualifies as autowire candidate. Dependency annotations: {@org.springframework.beans.factory.annotation.Autowired(required=true)}
	at org.springframework.beans.factory.support.SimpleInstantiationStrategy.instantiate(SimpleInstantiationStrategy.java:185) ~[spring-beans-5.1.8.RELEASE.jar:5.1.8.RELEASE]
	at org.springframework.beans.factory.support.ConstructorResolver.instantiate(ConstructorResolver.java:622) ~[spring-beans-5.1.8.RELEASE.jar:5.1.8.RELEASE]
	... 45 common frames omitted
Caused by: org.springframework.beans.factory.UnsatisfiedDependencyException: Error creating bean with name 'shiroRealm': Unsatisfied dependency expressed through field 'userService'; nested exception is org.springframework.beans.factory.UnsatisfiedDependencyException: Error creating bean with name 'userServiceImpl': Unsatisfied dependency expressed through field 'baseMapper'; nested exception is org.springframework.beans.factory.NoSuchBeanDefinitionException: No qualifying bean of type 'com.lzh.shiro.mapper.UserMapper' available: expected at least 1 bean which qualifies as autowire candidate. Dependency annotations: {@org.springframework.beans.factory.annotation.Autowired(required=true)}
	at org.springframework.beans.factory.annotation.AutowiredAnnotationBeanPostProcessor$AutowiredFieldElement.inject(AutowiredAnnotationBeanPostProcessor.java:596) ~[spring-beans-5.1.8.RELEASE.jar:5.1.8.RELEASE]
	at org.springframework.beans.factory.annotation.InjectionMetadata.inject(InjectionMetadata.java:90) ~[spring-beans-5.1.8.RELEASE.jar:5.1.8.RELEASE]
	at org.springframework.beans.factory.annotation.AutowiredAnnotationBeanPostProcessor.postProcessProperties(AutowiredAnnotationBeanPostProcessor.java:374) ~[spring-beans-5.1.8.RELEASE.jar:5.1.8.RELEASE]
	at org.springframework.beans.factory.support.AbstractAutowireCapableBeanFactory.populateBean(AbstractAutowireCapableBeanFactory.java:1411) ~[spring-beans-5.1.8.RELEASE.jar:5.1.8.RELEASE]
	at org.springframework.beans.factory.support.AbstractAutowireCapableBeanFactory.doCreateBean(AbstractAutowireCapableBeanFactory.java:592) ~[spring-beans-5.1.8.RELEASE.jar:5.1.8.RELEASE]
	at org.springframework.beans.factory.support.AbstractAutowireCapableBeanFactory.createBean(AbstractAutowireCapableBeanFactory.java:515) ~[spring-beans-5.1.8.RELEASE.jar:5.1.8.RELEASE]
	at org.springframework.beans.factory.support.AbstractBeanFactory.lambda$doGetBean$0(AbstractBeanFactory.java:320) ~[spring-beans-5.1.8.RELEASE.jar:5.1.8.RELEASE]
	at org.springframework.beans.factory.support.DefaultSingletonBeanRegistry.getSingleton(DefaultSingletonBeanRegistry.java:222) ~[spring-beans-5.1.8.RELEASE.jar:5.1.8.RELEASE]
	at org.springframework.beans.factory.support.AbstractBeanFactory.doGetBean(AbstractBeanFactory.java:318) ~[spring-beans-5.1.8.RELEASE.jar:5.1.8.RELEASE]
	at org.springframework.beans.factory.support.AbstractBeanFactory.getBean(AbstractBeanFactory.java:199) ~[spring-beans-5.1.8.RELEASE.jar:5.1.8.RELEASE]
	at org.springframework.context.annotation.ConfigurationClassEnhancer$BeanMethodInterceptor.resolveBeanReference(ConfigurationClassEnhancer.java:394) ~[spring-context-5.1.8.RELEASE.jar:5.1.8.RELEASE]
	at org.springframework.context.annotation.ConfigurationClassEnhancer$BeanMethodInterceptor.intercept(ConfigurationClassEnhancer.java:366) ~[spring-context-5.1.8.RELEASE.jar:5.1.8.RELEASE]
	at com.lzh.shiro.config.ShiroConfig$$EnhancerBySpringCGLIB$$a352850c.shiroRealm(<generated>) ~[classes/:na]
	at com.lzh.shiro.config.ShiroConfig.securityManager(ShiroConfig.java:38) ~[classes/:na]
	at com.lzh.shiro.config.ShiroConfig$$EnhancerBySpringCGLIB$$a352850c.CGLIB$securityManager$0(<generated>) ~[classes/:na]
	at com.lzh.shiro.config.ShiroConfig$$EnhancerBySpringCGLIB$$a352850c$$FastClassBySpringCGLIB$$fe852253.invoke(<generated>) ~[classes/:na]
	at org.springframework.cglib.proxy.MethodProxy.invokeSuper(MethodProxy.java:244) ~[spring-core-5.1.8.RELEASE.jar:5.1.8.RELEASE]
	at org.springframework.context.annotation.ConfigurationClassEnhancer$BeanMethodInterceptor.intercept(ConfigurationClassEnhancer.java:363) ~[spring-context-5.1.8.RELEASE.jar:5.1.8.RELEASE]
	at com.lzh.shiro.config.ShiroConfig$$EnhancerBySpringCGLIB$$a352850c.securityManager(<generated>) ~[classes/:na]
	at sun.reflect.NativeMethodAccessorImpl.invoke0(Native Method) ~[na:1.8.0_181]
	at sun.reflect.NativeMethodAccessorImpl.invoke(NativeMethodAccessorImpl.java:62) ~[na:1.8.0_181]
	at sun.reflect.DelegatingMethodAccessorImpl.invoke(DelegatingMethodAccessorImpl.java:43) ~[na:1.8.0_181]
	at java.lang.reflect.Method.invoke(Method.java:498) ~[na:1.8.0_181]
	at org.springframework.beans.factory.support.SimpleInstantiationStrategy.instantiate(SimpleInstantiationStrategy.java:154) ~[spring-beans-5.1.8.RELEASE.jar:5.1.8.RELEASE]
	... 46 common frames omitted
Caused by: org.springframework.beans.factory.UnsatisfiedDependencyException: Error creating bean with name 'userServiceImpl': Unsatisfied dependency expressed through field 'baseMapper'; nested exception is org.springframework.beans.factory.NoSuchBeanDefinitionException: No qualifying bean of type 'com.lzh.shiro.mapper.UserMapper' available: expected at least 1 bean which qualifies as autowire candidate. Dependency annotations: {@org.springframework.beans.factory.annotation.Autowired(required=true)}
	at org.springframework.beans.factory.annotation.AutowiredAnnotationBeanPostProcessor$AutowiredFieldElement.inject(AutowiredAnnotationBeanPostProcessor.java:596) ~[spring-beans-5.1.8.RELEASE.jar:5.1.8.RELEASE]
	at org.springframework.beans.factory.annotation.InjectionMetadata.inject(InjectionMetadata.java:90) ~[spring-beans-5.1.8.RELEASE.jar:5.1.8.RELEASE]
	at org.springframework.beans.factory.annotation.AutowiredAnnotationBeanPostProcessor.postProcessProperties(AutowiredAnnotationBeanPostProcessor.java:374) ~[spring-beans-5.1.8.RELEASE.jar:5.1.8.RELEASE]
	at org.springframework.beans.factory.support.AbstractAutowireCapableBeanFactory.populateBean(AbstractAutowireCapableBeanFactory.java:1411) ~[spring-beans-5.1.8.RELEASE.jar:5.1.8.RELEASE]
	at org.springframework.beans.factory.support.AbstractAutowireCapableBeanFactory.doCreateBean(AbstractAutowireCapableBeanFactory.java:592) ~[spring-beans-5.1.8.RELEASE.jar:5.1.8.RELEASE]
	at org.springframework.beans.factory.support.AbstractAutowireCapableBeanFactory.createBean(AbstractAutowireCapableBeanFactory.java:515) ~[spring-beans-5.1.8.RELEASE.jar:5.1.8.RELEASE]
	at org.springframework.beans.factory.support.AbstractBeanFactory.lambda$doGetBean$0(AbstractBeanFactory.java:320) ~[spring-beans-5.1.8.RELEASE.jar:5.1.8.RELEASE]
	at org.springframework.beans.factory.support.DefaultSingletonBeanRegistry.getSingleton(DefaultSingletonBeanRegistry.java:222) ~[spring-beans-5.1.8.RELEASE.jar:5.1.8.RELEASE]
	at org.springframework.beans.factory.support.AbstractBeanFactory.doGetBean(AbstractBeanFactory.java:318) ~[spring-beans-5.1.8.RELEASE.jar:5.1.8.RELEASE]
	at org.springframework.beans.factory.support.AbstractBeanFactory.getBean(AbstractBeanFactory.java:199) ~[spring-beans-5.1.8.RELEASE.jar:5.1.8.RELEASE]
	at org.springframework.beans.factory.config.DependencyDescriptor.resolveCandidate(DependencyDescriptor.java:277) ~[spring-beans-5.1.8.RELEASE.jar:5.1.8.RELEASE]
	at org.springframework.beans.factory.support.DefaultListableBeanFactory.doResolveDependency(DefaultListableBeanFactory.java:1251) ~[spring-beans-5.1.8.RELEASE.jar:5.1.8.RELEASE]
	at org.springframework.beans.factory.support.DefaultListableBeanFactory.resolveDependency(DefaultListableBeanFactory.java:1171) ~[spring-beans-5.1.8.RELEASE.jar:5.1.8.RELEASE]
	at org.springframework.beans.factory.annotation.AutowiredAnnotationBeanPostProcessor$AutowiredFieldElement.inject(AutowiredAnnotationBeanPostProcessor.java:593) ~[spring-beans-5.1.8.RELEASE.jar:5.1.8.RELEASE]
	... 69 common frames omitted
Caused by: org.springframework.beans.factory.NoSuchBeanDefinitionException: No qualifying bean of type 'com.lzh.shiro.mapper.UserMapper' available: expected at least 1 bean which qualifies as autowire candidate. Dependency annotations: {@org.springframework.beans.factory.annotation.Autowired(required=true)}
	at org.springframework.beans.factory.support.DefaultListableBeanFactory.raiseNoMatchingBeanFound(DefaultListableBeanFactory.java:1658) ~[spring-beans-5.1.8.RELEASE.jar:5.1.8.RELEASE]
	at org.springframework.beans.factory.support.DefaultListableBeanFactory.doResolveDependency(DefaultListableBeanFactory.java:1217) ~[spring-beans-5.1.8.RELEASE.jar:5.1.8.RELEASE]
	at org.springframework.beans.factory.support.DefaultListableBeanFactory.resolveDependency(DefaultListableBeanFactory.java:1171) ~[spring-beans-5.1.8.RELEASE.jar:5.1.8.RELEASE]
	at org.springframework.beans.factory.annotation.AutowiredAnnotationBeanPostProcessor$AutowiredFieldElement.inject(AutowiredAnnotationBeanPostProcessor.java:593) ~[spring-beans-5.1.8.RELEASE.jar:5.1.8.RELEASE]
	... 82 common frames omitted

2019-07-30 11:23:37.768  INFO 6676 --- [main] c.lzh.shiro.SpringbootShiroApplication   : Starting SpringbootShiroApplication on LAPTOP-6U7FG5LB with PID 6676 (E:\Idea-Projects\springboot-shiro\target\classes started by EDZ in E:\Idea-Projects\springboot-shiro)
2019-07-30 11:23:37.772 DEBUG 6676 --- [main] c.lzh.shiro.SpringbootShiroApplication   : Running with Spring Boot v2.1.6.RELEASE, Spring v5.1.8.RELEASE
2019-07-30 11:23:37.774  INFO 6676 --- [main] c.lzh.shiro.SpringbootShiroApplication   : No active profile set, falling back to default profiles: default
2019-07-30 11:23:39.361  INFO 6676 --- [main] trationDelegate$BeanPostProcessorChecker : Bean 'shiroConfig' of type [com.lzh.shiro.config.ShiroConfig$$EnhancerBySpringCGLIB$$80a0f23e] is not eligible for getting processed by all BeanPostProcessors (for example: not eligible for auto-proxying)
2019-07-30 11:23:40.370  INFO 6676 --- [main] trationDelegate$BeanPostProcessorChecker : Bean 'mybatis-plus-com.baomidou.mybatisplus.spring.boot.starter.MybatisPlusProperties' of type [com.baomidou.mybatisplus.spring.boot.starter.MybatisPlusProperties] is not eligible for getting processed by all BeanPostProcessors (for example: not eligible for auto-proxying)
2019-07-30 11:23:40.374  INFO 6676 --- [main] trationDelegate$BeanPostProcessorChecker : Bean 'myBatisPlusConfig' of type [com.lzh.shiro.config.MyBatisPlusConfig$$EnhancerBySpringCGLIB$$9981933a] is not eligible for getting processed by all BeanPostProcessors (for example: not eligible for auto-proxying)
2019-07-30 11:23:40.391  INFO 6676 --- [main] trationDelegate$BeanPostProcessorChecker : Bean 'paginationInterceptor' of type [com.baomidou.mybatisplus.plugins.PaginationInterceptor] is not eligible for getting processed by all BeanPostProcessors (for example: not eligible for auto-proxying)
2019-07-30 11:23:40.397  INFO 6676 --- [main] trationDelegate$BeanPostProcessorChecker : Bean 'com.baomidou.mybatisplus.spring.boot.starter.MybatisPlusAutoConfiguration' of type [com.baomidou.mybatisplus.spring.boot.starter.MybatisPlusAutoConfiguration$$EnhancerBySpringCGLIB$$6193ce91] is not eligible for getting processed by all BeanPostProcessors (for example: not eligible for auto-proxying)
2019-07-30 11:23:40.400  INFO 6676 --- [main] trationDelegate$BeanPostProcessorChecker : Bean 'org.springframework.boot.autoconfigure.jdbc.DataSourceConfiguration$Hikari' of type [org.springframework.boot.autoconfigure.jdbc.DataSourceConfiguration$Hikari$$EnhancerBySpringCGLIB$$54739a21] is not eligible for getting processed by all BeanPostProcessors (for example: not eligible for auto-proxying)
2019-07-30 11:23:40.409  INFO 6676 --- [main] trationDelegate$BeanPostProcessorChecker : Bean 'spring.datasource-org.springframework.boot.autoconfigure.jdbc.DataSourceProperties' of type [org.springframework.boot.autoconfigure.jdbc.DataSourceProperties] is not eligible for getting processed by all BeanPostProcessors (for example: not eligible for auto-proxying)
2019-07-30 11:23:40.435  INFO 6676 --- [main] trationDelegate$BeanPostProcessorChecker : Bean 'dataSource' of type [com.zaxxer.hikari.HikariDataSource] is not eligible for getting processed by all BeanPostProcessors (for example: not eligible for auto-proxying)
2019-07-30 11:23:40.443  INFO 6676 --- [main] trationDelegate$BeanPostProcessorChecker : Bean 'org.springframework.boot.autoconfigure.jdbc.DataSourceInitializerInvoker' of type [org.springframework.boot.autoconfigure.jdbc.DataSourceInitializerInvoker] is not eligible for getting processed by all BeanPostProcessors (for example: not eligible for auto-proxying)
2019-07-30 11:23:40.457  INFO 6676 --- [main] com.zaxxer.hikari.HikariDataSource       : HikariPool-1 - Starting...
2019-07-30 11:23:40.698  INFO 6676 --- [main] com.zaxxer.hikari.HikariDataSource       : HikariPool-1 - Start completed.
2019-07-30 11:23:40.751  INFO 6676 --- [main] trationDelegate$BeanPostProcessorChecker : Bean 'sqlSessionFactory' of type [org.apache.ibatis.session.defaults.DefaultSqlSessionFactory] is not eligible for getting processed by all BeanPostProcessors (for example: not eligible for auto-proxying)
2019-07-30 11:23:40.755  INFO 6676 --- [main] trationDelegate$BeanPostProcessorChecker : Bean 'sqlSessionTemplate' of type [org.mybatis.spring.SqlSessionTemplate] is not eligible for getting processed by all BeanPostProcessors (for example: not eligible for auto-proxying)
2019-07-30 11:23:40.924  INFO 6676 --- [main] trationDelegate$BeanPostProcessorChecker : Bean 'userMapper' of type [org.mybatis.spring.mapper.MapperFactoryBean] is not eligible for getting processed by all BeanPostProcessors (for example: not eligible for auto-proxying)
2019-07-30 11:23:40.926  INFO 6676 --- [main] trationDelegate$BeanPostProcessorChecker : Bean 'userMapper' of type [com.sun.proxy.$Proxy66] is not eligible for getting processed by all BeanPostProcessors (for example: not eligible for auto-proxying)
2019-07-30 11:23:40.928  INFO 6676 --- [main] trationDelegate$BeanPostProcessorChecker : Bean 'userServiceImpl' of type [com.lzh.shiro.service.impl.UserServiceImpl] is not eligible for getting processed by all BeanPostProcessors (for example: not eligible for auto-proxying)
2019-07-30 11:23:40.934  WARN 6676 --- [main] c.b.mybatisplus.toolkit.TableInfoHelper  : Warn: Could not find @TableId in Class: com.lzh.shiro.pojo.UserRole.
2019-07-30 11:23:40.934  WARN 6676 --- [main] c.b.mybatisplus.mapper.AutoSqlInjector   : class com.lzh.shiro.pojo.UserRole ,Not found @TableId annotation, Cannot use Mybatis-Plus 'xxById' Method.
2019-07-30 11:23:40.957  INFO 6676 --- [main] trationDelegate$BeanPostProcessorChecker : Bean 'userRoleMapper' of type [org.mybatis.spring.mapper.MapperFactoryBean] is not eligible for getting processed by all BeanPostProcessors (for example: not eligible for auto-proxying)
2019-07-30 11:23:40.959  INFO 6676 --- [main] trationDelegate$BeanPostProcessorChecker : Bean 'userRoleMapper' of type [com.sun.proxy.$Proxy67] is not eligible for getting processed by all BeanPostProcessors (for example: not eligible for auto-proxying)
2019-07-30 11:23:40.959  INFO 6676 --- [main] trationDelegate$BeanPostProcessorChecker : Bean 'userRoleServiceImpl' of type [com.lzh.shiro.service.impl.UserRoleServiceImpl] is not eligible for getting processed by all BeanPostProcessors (for example: not eligible for auto-proxying)
2019-07-30 11:23:40.993  INFO 6676 --- [main] trationDelegate$BeanPostProcessorChecker : Bean 'roleMapper' of type [org.mybatis.spring.mapper.MapperFactoryBean] is not eligible for getting processed by all BeanPostProcessors (for example: not eligible for auto-proxying)
2019-07-30 11:23:40.994  INFO 6676 --- [main] trationDelegate$BeanPostProcessorChecker : Bean 'roleMapper' of type [com.sun.proxy.$Proxy69] is not eligible for getting processed by all BeanPostProcessors (for example: not eligible for auto-proxying)
2019-07-30 11:23:40.995  INFO 6676 --- [main] trationDelegate$BeanPostProcessorChecker : Bean 'roleServiceImpl' of type [com.lzh.shiro.service.impl.RoleServiceImpl] is not eligible for getting processed by all BeanPostProcessors (for example: not eligible for auto-proxying)
2019-07-30 11:23:41.026  INFO 6676 --- [main] trationDelegate$BeanPostProcessorChecker : Bean 'permissionMapper' of type [org.mybatis.spring.mapper.MapperFactoryBean] is not eligible for getting processed by all BeanPostProcessors (for example: not eligible for auto-proxying)
2019-07-30 11:23:41.028  INFO 6676 --- [main] trationDelegate$BeanPostProcessorChecker : Bean 'permissionMapper' of type [com.sun.proxy.$Proxy70] is not eligible for getting processed by all BeanPostProcessors (for example: not eligible for auto-proxying)
2019-07-30 11:23:41.028  INFO 6676 --- [main] trationDelegate$BeanPostProcessorChecker : Bean 'permissionServiceImpl' of type [com.lzh.shiro.service.impl.PermissionServiceImpl] is not eligible for getting processed by all BeanPostProcessors (for example: not eligible for auto-proxying)
2019-07-30 11:23:41.034  WARN 6676 --- [main] c.b.mybatisplus.toolkit.TableInfoHelper  : Warn: Could not find @TableId in Class: com.lzh.shiro.pojo.RolePermission.
2019-07-30 11:23:41.034  WARN 6676 --- [main] c.b.mybatisplus.mapper.AutoSqlInjector   : class com.lzh.shiro.pojo.RolePermission ,Not found @TableId annotation, Cannot use Mybatis-Plus 'xxById' Method.
2019-07-30 11:23:41.050  INFO 6676 --- [main] trationDelegate$BeanPostProcessorChecker : Bean 'rolePermissionMapper' of type [org.mybatis.spring.mapper.MapperFactoryBean] is not eligible for getting processed by all BeanPostProcessors (for example: not eligible for auto-proxying)
2019-07-30 11:23:41.051  INFO 6676 --- [main] trationDelegate$BeanPostProcessorChecker : Bean 'rolePermissionMapper' of type [com.sun.proxy.$Proxy71] is not eligible for getting processed by all BeanPostProcessors (for example: not eligible for auto-proxying)
2019-07-30 11:23:41.052  INFO 6676 --- [main] trationDelegate$BeanPostProcessorChecker : Bean 'rolePermissionServiceImpl' of type [com.lzh.shiro.service.impl.RolePermissionServiceImpl] is not eligible for getting processed by all BeanPostProcessors (for example: not eligible for auto-proxying)
2019-07-30 11:23:41.052  INFO 6676 --- [main] trationDelegate$BeanPostProcessorChecker : Bean 'shiroRealm' of type [com.lzh.shiro.config.ShiroRealm] is not eligible for getting processed by all BeanPostProcessors (for example: not eligible for auto-proxying)
2019-07-30 11:23:41.056  INFO 6676 --- [main] trationDelegate$BeanPostProcessorChecker : Bean 'securityManager' of type [org.apache.shiro.web.mgt.DefaultWebSecurityManager] is not eligible for getting processed by all BeanPostProcessors (for example: not eligible for auto-proxying)
2019-07-30 11:23:41.065  INFO 6676 --- [main] trationDelegate$BeanPostProcessorChecker : Bean 'authorizationAttributeSourceAdvisor' of type [org.apache.shiro.spring.security.interceptor.AuthorizationAttributeSourceAdvisor] is not eligible for getting processed by all BeanPostProcessors (for example: not eligible for auto-proxying)
2019-07-30 11:23:41.075  INFO 6676 --- [main] trationDelegate$BeanPostProcessorChecker : Bean 'org.springframework.transaction.annotation.ProxyTransactionManagementConfiguration' of type [org.springframework.transaction.annotation.ProxyTransactionManagementConfiguration$$EnhancerBySpringCGLIB$$13f43034] is not eligible for getting processed by all BeanPostProcessors (for example: not eligible for auto-proxying)
2019-07-30 11:23:41.469  INFO 6676 --- [main] o.s.b.w.embedded.tomcat.TomcatWebServer  : Tomcat initialized with port(s): 8080 (http)
2019-07-30 11:23:41.498  INFO 6676 --- [main] o.apache.catalina.core.StandardService   : Starting service [Tomcat]
2019-07-30 11:23:41.499  INFO 6676 --- [main] org.apache.catalina.core.StandardEngine  : Starting Servlet engine: [Apache Tomcat/9.0.21]
2019-07-30 11:23:41.613  INFO 6676 --- [main] o.a.c.c.C.[Tomcat].[localhost].[/]       : Initializing Spring embedded WebApplicationContext
2019-07-30 11:23:41.613  INFO 6676 --- [main] o.s.web.context.ContextLoader            : Root WebApplicationContext: initialization completed in 3751 ms
2019-07-30 11:23:41.943  INFO 6676 --- [main] o.s.s.concurrent.ThreadPoolTaskExecutor  : Initializing ExecutorService 'applicationTaskExecutor'
2019-07-30 11:23:42.092  INFO 6676 --- [main] o.s.b.a.w.s.WelcomePageHandlerMapping    : Adding welcome page: class path resource [static/index.html]
2019-07-30 11:23:42.339  INFO 6676 --- [main] o.s.b.w.embedded.tomcat.TomcatWebServer  : Tomcat started on port(s): 8080 (http) with context path ''
2019-07-30 11:23:42.343  INFO 6676 --- [main] c.lzh.shiro.SpringbootShiroApplication   : Started SpringbootShiroApplication in 5.135 seconds (JVM running for 7.109)
2019-07-30 11:23:55.041  INFO 6676 --- [http-nio-8080-exec-1] o.a.c.c.C.[Tomcat].[localhost].[/]       : Initializing Spring DispatcherServlet 'dispatcherServlet'
2019-07-30 11:23:55.041  INFO 6676 --- [http-nio-8080-exec-1] o.s.web.servlet.DispatcherServlet        : Initializing Servlet 'dispatcherServlet'
2019-07-30 11:23:55.048  INFO 6676 --- [http-nio-8080-exec-1] o.s.web.servlet.DispatcherServlet        : Completed initialization in 7 ms
2019-07-30 11:24:38.504 DEBUG 6676 --- [http-nio-8080-exec-4] c.l.shiro.mapper.UserMapper.findByName   : ==>  Preparing: select * from user where name = ? 
2019-07-30 11:24:38.518 DEBUG 6676 --- [http-nio-8080-exec-4] c.l.shiro.mapper.UserMapper.findByName   : ==> Parameters: zhangsan123(String)
2019-07-30 11:24:38.526 DEBUG 6676 --- [http-nio-8080-exec-4] c.l.shiro.mapper.UserMapper.findByName   : <==      Total: 0
2019-07-30 11:24:52.954 DEBUG 6676 --- [http-nio-8080-exec-10] c.l.shiro.mapper.UserMapper.findByName   : ==>  Preparing: select * from user where name = ? 
2019-07-30 11:24:52.954 DEBUG 6676 --- [http-nio-8080-exec-10] c.l.shiro.mapper.UserMapper.findByName   : ==> Parameters: zhangsan(String)
2019-07-30 11:24:52.958 DEBUG 6676 --- [http-nio-8080-exec-10] c.l.shiro.mapper.UserMapper.findByName   : <==      Total: 1
2019-07-30 11:24:54.978  INFO 6676 --- [http-nio-8080-exec-9] org.apache.shiro.realm.AuthorizingRealm  : No cache or cacheManager properties have been set.  Authorization cache cannot be obtained.
2019-07-30 11:24:54.979 DEBUG 6676 --- [http-nio-8080-exec-9] c.l.shiro.mapper.UserMapper.findByName   : ==>  Preparing: select * from user where name = ? 
2019-07-30 11:24:54.979 DEBUG 6676 --- [http-nio-8080-exec-9] c.l.shiro.mapper.UserMapper.findByName   : ==> Parameters: zhangsan(String)
2019-07-30 11:24:54.980 DEBUG 6676 --- [http-nio-8080-exec-9] c.l.shiro.mapper.UserMapper.findByName   : <==      Total: 1
2019-07-30 11:24:55.003 DEBUG 6676 --- [http-nio-8080-exec-9] c.l.s.mapper.UserRoleMapper.selectList   : ==>  Preparing: SELECT user_id AS userId,role_id AS roleId,create_date AS createDate FROM user_role WHERE (user_id = ?) 
2019-07-30 11:24:55.003 DEBUG 6676 --- [http-nio-8080-exec-9] c.l.s.mapper.UserRoleMapper.selectList   : ==> Parameters: 2(String)
2019-07-30 11:24:55.004 DEBUG 6676 --- [http-nio-8080-exec-9] c.l.s.mapper.UserRoleMapper.selectList   : <==      Total: 1
2019-07-30 11:24:55.006 DEBUG 6676 --- [http-nio-8080-exec-9] c.l.shiro.mapper.RoleMapper.selectById   : ==>  Preparing: SELECT id,`name`,create_date AS createDate,modified_date AS modifiedDate FROM role WHERE id=? 
2019-07-30 11:24:55.006 DEBUG 6676 --- [http-nio-8080-exec-9] c.l.shiro.mapper.RoleMapper.selectById   : ==> Parameters: 3(String)
2019-07-30 11:24:55.008 DEBUG 6676 --- [http-nio-8080-exec-9] c.l.shiro.mapper.RoleMapper.selectById   : <==      Total: 1
2019-07-30 11:24:55.009 DEBUG 6676 --- [http-nio-8080-exec-9] c.l.s.m.RolePermissionMapper.selectList  : ==>  Preparing: SELECT role_id AS roleId,permission_id AS permissionId,create_date AS createDate FROM role_permission WHERE (role_id = ?) 
2019-07-30 11:24:55.009 DEBUG 6676 --- [http-nio-8080-exec-9] c.l.s.m.RolePermissionMapper.selectList  : ==> Parameters: 3(String)
2019-07-30 11:24:55.011 DEBUG 6676 --- [http-nio-8080-exec-9] c.l.s.m.RolePermissionMapper.selectList  : <==      Total: 1
2019-07-30 11:24:55.012 DEBUG 6676 --- [http-nio-8080-exec-9] c.l.s.m.PermissionMapper.selectById      : ==>  Preparing: SELECT id,`name`,create_date AS createDate,modified_date AS modifiedDate FROM permission WHERE id=? 
2019-07-30 11:24:55.012 DEBUG 6676 --- [http-nio-8080-exec-9] c.l.s.m.PermissionMapper.selectById      : ==> Parameters: 4(String)
2019-07-30 11:24:55.013 DEBUG 6676 --- [http-nio-8080-exec-9] c.l.s.m.PermissionMapper.selectById      : <==      Total: 1
2019-07-30 11:25:20.279  INFO 6676 --- [http-nio-8080-exec-1] org.apache.shiro.realm.AuthorizingRealm  : No cache or cacheManager properties have been set.  Authorization cache cannot be obtained.
2019-07-30 11:25:25.495 DEBUG 6676 --- [http-nio-8080-exec-4] c.l.shiro.mapper.UserMapper.findByName   : ==>  Preparing: select * from user where name = ? 
2019-07-30 11:25:25.495 DEBUG 6676 --- [http-nio-8080-exec-4] c.l.shiro.mapper.UserMapper.findByName   : ==> Parameters: jitwxs(String)
2019-07-30 11:25:25.496 DEBUG 6676 --- [http-nio-8080-exec-4] c.l.shiro.mapper.UserMapper.findByName   : <==      Total: 1
2019-07-30 11:25:26.950  INFO 6676 --- [http-nio-8080-exec-6] org.apache.shiro.realm.AuthorizingRealm  : No cache or cacheManager properties have been set.  Authorization cache cannot be obtained.
2019-07-30 11:25:26.951 DEBUG 6676 --- [http-nio-8080-exec-6] c.l.shiro.mapper.UserMapper.findByName   : ==>  Preparing: select * from user where name = ? 
2019-07-30 11:25:26.952 DEBUG 6676 --- [http-nio-8080-exec-6] c.l.shiro.mapper.UserMapper.findByName   : ==> Parameters: jitwxs(String)
2019-07-30 11:25:26.953 DEBUG 6676 --- [http-nio-8080-exec-6] c.l.shiro.mapper.UserMapper.findByName   : <==      Total: 1
2019-07-30 11:25:26.954 DEBUG 6676 --- [http-nio-8080-exec-6] c.l.s.mapper.UserRoleMapper.selectList   : ==>  Preparing: SELECT user_id AS userId,role_id AS roleId,create_date AS createDate FROM user_role WHERE (user_id = ?) 
2019-07-30 11:25:26.954 DEBUG 6676 --- [http-nio-8080-exec-6] c.l.s.mapper.UserRoleMapper.selectList   : ==> Parameters: 1(String)
2019-07-30 11:25:26.954 DEBUG 6676 --- [http-nio-8080-exec-6] c.l.s.mapper.UserRoleMapper.selectList   : <==      Total: 1
2019-07-30 11:25:26.955 DEBUG 6676 --- [http-nio-8080-exec-6] c.l.shiro.mapper.RoleMapper.selectById   : ==>  Preparing: SELECT id,`name`,create_date AS createDate,modified_date AS modifiedDate FROM role WHERE id=? 
2019-07-30 11:25:26.955 DEBUG 6676 --- [http-nio-8080-exec-6] c.l.shiro.mapper.RoleMapper.selectById   : ==> Parameters: 1(String)
2019-07-30 11:25:26.956 DEBUG 6676 --- [http-nio-8080-exec-6] c.l.shiro.mapper.RoleMapper.selectById   : <==      Total: 1
2019-07-30 11:25:26.957 DEBUG 6676 --- [http-nio-8080-exec-6] c.l.s.m.RolePermissionMapper.selectList  : ==>  Preparing: SELECT role_id AS roleId,permission_id AS permissionId,create_date AS createDate FROM role_permission WHERE (role_id = ?) 
2019-07-30 11:25:26.957 DEBUG 6676 --- [http-nio-8080-exec-6] c.l.s.m.RolePermissionMapper.selectList  : ==> Parameters: 1(String)
2019-07-30 11:25:26.958 DEBUG 6676 --- [http-nio-8080-exec-6] c.l.s.m.RolePermissionMapper.selectList  : <==      Total: 4
2019-07-30 11:25:26.959 DEBUG 6676 --- [http-nio-8080-exec-6] c.l.s.m.PermissionMapper.selectById      : ==>  Preparing: SELECT id,`name`,create_date AS createDate,modified_date AS modifiedDate FROM permission WHERE id=? 
2019-07-30 11:25:26.959 DEBUG 6676 --- [http-nio-8080-exec-6] c.l.s.m.PermissionMapper.selectById      : ==> Parameters: 1(String)
2019-07-30 11:25:26.960 DEBUG 6676 --- [http-nio-8080-exec-6] c.l.s.m.PermissionMapper.selectById      : <==      Total: 1
2019-07-30 11:25:26.961 DEBUG 6676 --- [http-nio-8080-exec-6] c.l.s.m.PermissionMapper.selectById      : ==>  Preparing: SELECT id,`name`,create_date AS createDate,modified_date AS modifiedDate FROM permission WHERE id=? 
2019-07-30 11:25:26.961 DEBUG 6676 --- [http-nio-8080-exec-6] c.l.s.m.PermissionMapper.selectById      : ==> Parameters: 2(String)
2019-07-30 11:25:26.962 DEBUG 6676 --- [http-nio-8080-exec-6] c.l.s.m.PermissionMapper.selectById      : <==      Total: 1
2019-07-30 11:25:26.963 DEBUG 6676 --- [http-nio-8080-exec-6] c.l.s.m.PermissionMapper.selectById      : ==>  Preparing: SELECT id,`name`,create_date AS createDate,modified_date AS modifiedDate FROM permission WHERE id=? 
2019-07-30 11:25:26.963 DEBUG 6676 --- [http-nio-8080-exec-6] c.l.s.m.PermissionMapper.selectById      : ==> Parameters: 3(String)
2019-07-30 11:25:26.965 DEBUG 6676 --- [http-nio-8080-exec-6] c.l.s.m.PermissionMapper.selectById      : <==      Total: 1
2019-07-30 11:25:26.966 DEBUG 6676 --- [http-nio-8080-exec-6] c.l.s.m.PermissionMapper.selectById      : ==>  Preparing: SELECT id,`name`,create_date AS createDate,modified_date AS modifiedDate FROM permission WHERE id=? 
2019-07-30 11:25:26.967 DEBUG 6676 --- [http-nio-8080-exec-6] c.l.s.m.PermissionMapper.selectById      : ==> Parameters: 4(String)
2019-07-30 11:25:26.968 DEBUG 6676 --- [http-nio-8080-exec-6] c.l.s.m.PermissionMapper.selectById      : <==      Total: 1
2019-07-30 11:25:26.970  INFO 6676 --- [http-nio-8080-exec-6] org.apache.shiro.realm.AuthorizingRealm  : No cache or cacheManager properties have been set.  Authorization cache cannot be obtained.
2019-07-30 11:25:26.970 DEBUG 6676 --- [http-nio-8080-exec-6] c.l.shiro.mapper.UserMapper.findByName   : ==>  Preparing: select * from user where name = ? 
2019-07-30 11:25:26.970 DEBUG 6676 --- [http-nio-8080-exec-6] c.l.shiro.mapper.UserMapper.findByName   : ==> Parameters: jitwxs(String)
2019-07-30 11:25:26.971 DEBUG 6676 --- [http-nio-8080-exec-6] c.l.shiro.mapper.UserMapper.findByName   : <==      Total: 1
2019-07-30 11:25:26.972 DEBUG 6676 --- [http-nio-8080-exec-6] c.l.s.mapper.UserRoleMapper.selectList   : ==>  Preparing: SELECT user_id AS userId,role_id AS roleId,create_date AS createDate FROM user_role WHERE (user_id = ?) 
2019-07-30 11:25:26.972 DEBUG 6676 --- [http-nio-8080-exec-6] c.l.s.mapper.UserRoleMapper.selectList   : ==> Parameters: 1(String)
2019-07-30 11:25:26.973 DEBUG 6676 --- [http-nio-8080-exec-6] c.l.s.mapper.UserRoleMapper.selectList   : <==      Total: 1
2019-07-30 11:25:26.973 DEBUG 6676 --- [http-nio-8080-exec-6] c.l.shiro.mapper.RoleMapper.selectById   : ==>  Preparing: SELECT id,`name`,create_date AS createDate,modified_date AS modifiedDate FROM role WHERE id=? 
2019-07-30 11:25:26.974 DEBUG 6676 --- [http-nio-8080-exec-6] c.l.shiro.mapper.RoleMapper.selectById   : ==> Parameters: 1(String)
2019-07-30 11:25:26.975 DEBUG 6676 --- [http-nio-8080-exec-6] c.l.shiro.mapper.RoleMapper.selectById   : <==      Total: 1
2019-07-30 11:25:26.976 DEBUG 6676 --- [http-nio-8080-exec-6] c.l.s.m.RolePermissionMapper.selectList  : ==>  Preparing: SELECT role_id AS roleId,permission_id AS permissionId,create_date AS createDate FROM role_permission WHERE (role_id = ?) 
2019-07-30 11:25:26.976 DEBUG 6676 --- [http-nio-8080-exec-6] c.l.s.m.RolePermissionMapper.selectList  : ==> Parameters: 1(String)
2019-07-30 11:25:26.978 DEBUG 6676 --- [http-nio-8080-exec-6] c.l.s.m.RolePermissionMapper.selectList  : <==      Total: 4
2019-07-30 11:25:26.979 DEBUG 6676 --- [http-nio-8080-exec-6] c.l.s.m.PermissionMapper.selectById      : ==>  Preparing: SELECT id,`name`,create_date AS createDate,modified_date AS modifiedDate FROM permission WHERE id=? 
2019-07-30 11:25:26.979 DEBUG 6676 --- [http-nio-8080-exec-6] c.l.s.m.PermissionMapper.selectById      : ==> Parameters: 1(String)
2019-07-30 11:25:26.980 DEBUG 6676 --- [http-nio-8080-exec-6] c.l.s.m.PermissionMapper.selectById      : <==      Total: 1
2019-07-30 11:25:26.981 DEBUG 6676 --- [http-nio-8080-exec-6] c.l.s.m.PermissionMapper.selectById      : ==>  Preparing: SELECT id,`name`,create_date AS createDate,modified_date AS modifiedDate FROM permission WHERE id=? 
2019-07-30 11:25:26.981 DEBUG 6676 --- [http-nio-8080-exec-6] c.l.s.m.PermissionMapper.selectById      : ==> Parameters: 2(String)
2019-07-30 11:25:26.982 DEBUG 6676 --- [http-nio-8080-exec-6] c.l.s.m.PermissionMapper.selectById      : <==      Total: 1
2019-07-30 11:25:26.983 DEBUG 6676 --- [http-nio-8080-exec-6] c.l.s.m.PermissionMapper.selectById      : ==>  Preparing: SELECT id,`name`,create_date AS createDate,modified_date AS modifiedDate FROM permission WHERE id=? 
2019-07-30 11:25:26.983 DEBUG 6676 --- [http-nio-8080-exec-6] c.l.s.m.PermissionMapper.selectById      : ==> Parameters: 3(String)
2019-07-30 11:25:26.984 DEBUG 6676 --- [http-nio-8080-exec-6] c.l.s.m.PermissionMapper.selectById      : <==      Total: 1
2019-07-30 11:25:26.984 DEBUG 6676 --- [http-nio-8080-exec-6] c.l.s.m.PermissionMapper.selectById      : ==>  Preparing: SELECT id,`name`,create_date AS createDate,modified_date AS modifiedDate FROM permission WHERE id=? 
2019-07-30 11:25:26.984 DEBUG 6676 --- [http-nio-8080-exec-6] c.l.s.m.PermissionMapper.selectById      : ==> Parameters: 4(String)
2019-07-30 11:25:26.985 DEBUG 6676 --- [http-nio-8080-exec-6] c.l.s.m.PermissionMapper.selectById      : <==      Total: 1
2019-07-30 11:31:24.543  INFO 6676 --- [Thread-13] o.s.s.concurrent.ThreadPoolTaskExecutor  : Shutting down ExecutorService 'applicationTaskExecutor'
2019-07-30 11:31:24.544  INFO 6676 --- [Thread-13] com.zaxxer.hikari.HikariDataSource       : HikariPool-1 - Shutdown initiated...
2019-07-30 11:31:24.548  INFO 6676 --- [Thread-13] com.zaxxer.hikari.HikariDataSource       : HikariPool-1 - Shutdown completed.
